build/app/outputs/mapping/release/mapping.txt
# compiler: R8
# compiler_version: 1.5.64
# min_api: 21
# pg_map_id: c81796c
...
com.google.android.gms.internal.measurement.zznm -> b.a.a.a.e.d.xc:
    com.google.android.gms.internal.measurement.zzdh zza -> a
    boolean zza() -> a
    boolean zzb() -> b
com.google.android.gms.internal.measurement.zznn -> b.a.a.a.e.d.yc:
    boolean zza() -> a
    boolean zzb() -> b
com.google.android.gms.internal.measurement.zzno -> b.a.a.a.e.d.zc:
    boolean zza() -> a
    boolean zzb() -> b
com.google.android.gms.internal.measurement.zznp -> b.a.a.a.e.d.ad:
    com.google.android.gms.internal.measurement.zznp zza -> c
    com.google.android.gms.internal.measurement.zzec zzb -> b
    java.lang.Object zza() -> a
    boolean zzb() -> b
    boolean zzc() -> c
com.google.android.gms.internal.measurement.zznq -> b.a.a.a.e.d.bd:
    com.google.android.gms.internal.measurement.zznq zza -> c
    com.google.android.gms.internal.measurement.zzec zzb -> b
    java.lang.Object zza() -> a
    boolean zzb() -> b
com.google.android.gms.internal.measurement.zznr -> b.a.a.a.e.d.cd:
    com.google.android.gms.internal.measurement.zzdh zza -> a
    com.google.android.gms.internal.measurement.zzdh zzb -> b
    boolean zza() -> a
    boolean zzb() -> b
com.google.android.gms.internal.measurement.zzns -> b.a.a.a.e.d.dd:
    com.google.android.gms.internal.measurement.zzdh zza -> a
    boolean zza() -> a
com.google.android.gms.internal.measurement.zznt -> b.a.a.a.e.d.ed:
    boolean zza() -> a
com.google.android.gms.internal.measurement.zznu -> b.a.a.a.e.d.fd:
    boolean zza() -> a
    boolean zzb() -> b
com.google.android.gms.internal.measurement.zznv -> b.a.a.a.e.d.gd:
    com.google.android.gms.internal.measurement.zzec zzb -> b
    com.google.android.gms.internal.measurement.zznv zza -> c
    java.lang.Object zza() -> a
    boolean zzb() -> b
    boolean zzc() -> c
com.google.android.gms.internal.measurement.zznw -> b.a.a.a.e.d.hd:
    com.google.android.gms.internal.measurement.zzec zzb -> b
    com.google.android.gms.internal.measurement.zznw zza -> c
    java.lang.Object zza() -> a
    boolean zzb() -> b
    boolean zzc() -> c
    boolean zzd() -> d
    boolean zze() -> e
com.google.android.gms.internal.measurement.zznx -> b.a.a.a.e.d.id:
    com.google.android.gms.internal.measurement.zzdh zza -> a
    boolean zza() -> a
    boolean zzb() -> b
com.google.android.gms.internal.measurement.zzny -> b.a.a.a.e.d.jd:
    com.google.android.gms.internal.measurement.zzdh zza -> a
    com.google.android.gms.internal.measurement.zzdh zzc -> c
    com.google.android.gms.internal.measurement.zzdh zzb -> b
    boolean zza() -> a
    boolean zzb() -> b
    boolean zzc() -> c
    boolean zzd() -> j
com.google.android.gms.internal.measurement.zznz -> b.a.a.a.e.d.kd:
    boolean zza() -> a
    boolean zzb() -> b
    boolean zzc() -> c
    boolean zzd() -> j
com.google.android.gms.internal.measurement.zzo -> b.a.a.a.e.d.ld:
    java.lang.Runnable zza(java.lang.Runnable) -> a
    java.util.concurrent.Callable zza(java.util.concurrent.Callable) -> a
com.google.android.gms.internal.measurement.zzoa -> b.a.a.a.e.d.md:
    boolean zza() -> a
    boolean zzb() -> b
    boolean zzc() -> c
    boolean zzd() -> j
com.google.android.gms.internal.measurement.zzob -> b.a.a.a.e.d.nd:
    com.google.android.gms.internal.measurement.zzob zza -> c
    com.google.android.gms.internal.measurement.zzec zzb -> b
    java.lang.Object zza() -> a
    boolean zzb() -> b
    boolean zzc() -> c
    boolean zzd() -> d
    boolean zze() -> e
com.google.android.gms.internal.measurement.zzoc -> b.a.a.a.e.d.od:
    com.google.android.gms.internal.measurement.zzoc zza -> c
    com.google.android.gms.internal.measurement.zzec zzb -> b
    java.lang.Object zza() -> a
    boolean zzb() -> b
    boolean zzc() -> c